{
  "stats": {
    "suites": 1,
    "tests": 2,
    "passes": 1,
    "pending": 1,
    "failures": 0,
    "start": "2025-06-30T03:55:04.797Z",
    "end": "2025-06-30T03:55:36.645Z",
    "duration": 31848,
    "testsRegistered": 2,
    "passPercent": 100,
    "pendingPercent": 50,
    "other": 0,
    "hasOther": false,
    "skipped": 0,
    "hasSkipped": false
  },
  "results": [
    {
      "uuid": "c2311e4a-5311-4b12-b4d1-65f7c3594f97",
      "title": "",
      "fullFile": "cypress/e2e/redowl.cy.js",
      "file": "cypress/e2e/redowl.cy.js",
      "beforeHooks": [],
      "afterHooks": [],
      "tests": [],
      "suites": [
        {
          "uuid": "44571d07-c484-4ba1-a68e-dba380880cc8",
          "title": "Invoice operation",
          "fullFile": "",
          "file": "",
          "beforeHooks": [],
          "afterHooks": [],
          "tests": [
            {
              "title": "simulate a passing test case for kualitee reporting ",
              "fullTitle": "Invoice operation simulate a passing test case for kualitee reporting ",
              "timedOut": null,
              "duration": 27387,
              "state": "passed",
              "speed": "slow",
              "pass": true,
              "fail": false,
              "pending": false,
              "context": null,
              "code": "aiAdminLogin.visitDashboardPage();\ncy.wait(10000);\nnavbarPageObjects.clickMyAgentButton();\ncy.wait(1500);\n// navbarPageObjects.clickAgentMarketPlaceButton();\n//cy.wait(1500);\nnavbarPageObjects.clickTasksButton();\ncy.wait(1500);\nnavbarPageObjects.clickKnowledgeButton();\ncy.wait(1500);\nnavbarPageObjects.clickDashboardsButton();\ncy.wait(1500);\nnavbarPageObjects.clickRecordsButton();\ncy.wait(1500);",
              "err": {},
              "uuid": "6d132739-f65f-4c89-974a-bb647434efa7",
              "parentUUID": "44571d07-c484-4ba1-a68e-dba380880cc8",
              "isHook": false,
              "skipped": false
            },
            {
              "title": "Simulate a failed test case for Kualitee reporting",
              "fullTitle": "Invoice operation Simulate a failed test case for Kualitee reporting",
              "timedOut": null,
              "duration": 0,
              "state": "pending",
              "speed": null,
              "pass": false,
              "fail": false,
              "pending": true,
              "context": null,
              "code": "expect(true).to.equal(false); // Intentionally fail the test",
              "err": {},
              "uuid": "bfbed1a9-2ced-415b-a3cd-bdae24e7c3c0",
              "parentUUID": "44571d07-c484-4ba1-a68e-dba380880cc8",
              "isHook": false,
              "skipped": false
            }
          ],
          "suites": [],
          "passes": [
            "6d132739-f65f-4c89-974a-bb647434efa7"
          ],
          "failures": [],
          "pending": [
            "bfbed1a9-2ced-415b-a3cd-bdae24e7c3c0"
          ],
          "skipped": [],
          "duration": 27387,
          "root": false,
          "rootEmpty": false,
          "_timeout": 2000
        }
      ],
      "passes": [],
      "failures": [],
      "pending": [],
      "skipped": [],
      "duration": 0,
      "root": true,
      "rootEmpty": true,
      "_timeout": 2000
    }
  ],
  "meta": {
    "mocha": {
      "version": "7.0.1"
    },
    "mochawesome": {
      "options": {
        "quiet": false,
        "reportFilename": "mochawesome",
        "saveHtml": false,
        "saveJson": true,
        "consoleReporter": "spec",
        "useInlineDiffs": false,
        "code": true
      },
      "version": "7.1.3"
    },
    "marge": {
      "options": {
        "reportDir": "cypress/reports/mochawesome",
        "overwrite": false,
        "html": false,
        "json": true
      },
      "version": "6.2.0"
    }
  }
}